hendrixgpu03fl.unicph.domain
Fri Feb 27 14:08:37 2026       
+-----------------------------------------------------------------------------------------+
| NVIDIA-SMI 570.86.15              Driver Version: 570.86.15      CUDA Version: 12.8     |
|-----------------------------------------+------------------------+----------------------+
| GPU  Name                 Persistence-M | Bus-Id          Disp.A | Volatile Uncorr. ECC |
| Fan  Temp   Perf          Pwr:Usage/Cap |           Memory-Usage | GPU-Util  Compute M. |
|                                         |                        |               MIG M. |
|=========================================+========================+======================|
|   0  NVIDIA A40                     Off |   00000000:0B:00.0 Off |                    0 |
|  0%   23C    P0             27W /  300W |       1MiB /  46068MiB |      0%      Default |
|                                         |                        |                  N/A |
+-----------------------------------------+------------------------+----------------------+
                                                                                         
+-----------------------------------------------------------------------------------------+
| Processes:                                                                              |
|  GPU   GI   CI              PID   Type   Process name                        GPU Memory |
|        ID   ID                                                               Usage      |
|=========================================================================================|
|  No running processes found                                                             |
+-----------------------------------------------------------------------------------------+
/home/xdg178/.conda/envs/codeq/bin/python
torch 2.10.0+cu128 cuda 12.8 cudnn 91002
Starting training...
Traceback (most recent call last):
  File "/home/xdg178/CoDeQ_training/run_training.py", line 277, in <module>
    main()
  File "/home/xdg178/CoDeQ_training/run_training.py", line 118, in main
    cfg = load_config(args.config)
          ^^^^^^^^^^^^^^^^^^^^^^^^
  File "/home/xdg178/CoDeQ_training/run_training.py", line 40, in load_config
    with open(path) as f:
         ^^^^^^^^^^
FileNotFoundError: [Errno 2] No such file or directory: '../configs/deadzone_mlp.yaml'
